<?xml version="1.0" encoding="UTF-8"?>
<!-- Generated by org.testng.reporters.JUnitXMLReporter -->
<testsuite ignored="1" hostname="Ali-zagibi" failures="0" tests="4" name="Default test" time="26.869" errors="0" timestamp="2025-04-23T17:20:10 EET">
  <testcase classname="myTest1.Test1" name="login" time="0.434"/>
  <testcase classname="myTest1.Test1" name="AddAllItem" time="12.587"/>
  <testcase classname="myTest1.Test1" name="RemoveAllItem" time="12.484"/>
  <testcase classname="myTest1.Test1" name="Task" time="0.109"/>
  <testcase classname="myTest1.Test1" name="logout" time="0.0">
    <ignored/>
  </testcase> <!-- logout -->
</testsuite> <!-- Default test -->
