<?xml version="1.0" encoding="UTF-8"?>
<testng-results ignored="1" total="5" passed="4" failed="0" skipped="0">
  <reporter-output>
  </reporter-output>
  <suite started-at="2025-04-23T17:19:43 EET" name="Default suite" finished-at="2025-04-23T17:20:10 EET" duration-ms="26869">
    <groups>
    </groups>
    <test started-at="2025-04-23T17:19:43 EET" name="Default test" finished-at="2025-04-23T17:20:10 EET" duration-ms="26869">
      <class name="myTest1.Test1">
        <test-method is-config="true" signature="mysetup()[pri:0, instance:myTest1.Test1@299321e2]" started-at="2025-04-23T17:19:43 EET" name="mysetup" finished-at="2025-04-23T17:19:45 EET" duration-ms="1181" status="PASS">
          <reporter-output>
          </reporter-output>
        </test-method> <!-- mysetup -->
        <test-method signature="login()[pri:1, instance:myTest1.Test1@299321e2]" started-at="2025-04-23T17:19:45 EET" name="login" finished-at="2025-04-23T17:19:45 EET" duration-ms="434" status="PASS">
          <reporter-output>
          </reporter-output>
        </test-method> <!-- login -->
        <test-method signature="AddAllItem()[pri:2, instance:myTest1.Test1@299321e2]" started-at="2025-04-23T17:19:45 EET" name="AddAllItem" finished-at="2025-04-23T17:19:58 EET" duration-ms="12587" status="PASS">
          <reporter-output>
          </reporter-output>
        </test-method> <!-- AddAllItem -->
        <test-method signature="RemoveAllItem()[pri:3, instance:myTest1.Test1@299321e2]" started-at="2025-04-23T17:19:58 EET" name="RemoveAllItem" finished-at="2025-04-23T17:20:10 EET" duration-ms="12484" status="PASS">
          <reporter-output>
          </reporter-output>
        </test-method> <!-- RemoveAllItem -->
        <test-method signature="Task()[pri:4, instance:myTest1.Test1@299321e2]" started-at="2025-04-23T17:20:10 EET" name="Task" finished-at="2025-04-23T17:20:10 EET" duration-ms="109" status="PASS">
          <reporter-output>
          </reporter-output>
        </test-method> <!-- Task -->
      </class> <!-- myTest1.Test1 -->
    </test> <!-- Default test -->
  </suite> <!-- Default suite -->
</testng-results>
