<?xml version="1.0" encoding="UTF-8"?>
<testng-results ignored="0" total="3" passed="3" failed="0" skipped="0">
  <reporter-output>
  </reporter-output>
  <suite started-at="2025-04-20T00:05:41 EET" name="Default suite" finished-at="2025-04-20T00:05:46 EET" duration-ms="4767">
    <groups>
    </groups>
    <test started-at="2025-04-20T00:05:41 EET" name="Default test" finished-at="2025-04-20T00:05:46 EET" duration-ms="4767">
      <class name="myTest1.Test1">
        <test-method is-config="true" signature="mysetup()[pri:0, instance:myTest1.Test1@299321e2]" started-at="2025-04-20T00:05:41 EET" name="mysetup" finished-at="2025-04-20T00:05:42 EET" duration-ms="1051" status="PASS">
          <reporter-output>
          </reporter-output>
        </test-method> <!-- mysetup -->
        <test-method signature="login()[pri:1, instance:myTest1.Test1@299321e2]" started-at="2025-04-20T00:05:42 EET" name="login" finished-at="2025-04-20T00:05:45 EET" duration-ms="2423" status="PASS">
          <reporter-output>
          </reporter-output>
        </test-method> <!-- login -->
        <test-method signature="addOneRandomItem()[pri:2, instance:myTest1.Test1@299321e2]" started-at="2025-04-20T00:05:45 EET" name="addOneRandomItem" finished-at="2025-04-20T00:05:46 EET" duration-ms="1146" status="PASS">
          <reporter-output>
          </reporter-output>
        </test-method> <!-- addOneRandomItem -->
        <test-method signature="removeOneRandomItem()[pri:3, instance:myTest1.Test1@299321e2]" started-at="2025-04-20T00:05:46 EET" name="removeOneRandomItem" finished-at="2025-04-20T00:05:46 EET" duration-ms="75" status="PASS">
          <reporter-output>
          </reporter-output>
        </test-method> <!-- removeOneRandomItem -->
        <test-method is-config="true" signature="myAfterTest()[pri:0, instance:myTest1.Test1@299321e2]" started-at="2025-04-20T00:05:46 EET" name="myAfterTest" finished-at="2025-04-20T00:05:46 EET" duration-ms="0" status="PASS">
          <reporter-output>
          </reporter-output>
        </test-method> <!-- myAfterTest -->
      </class> <!-- myTest1.Test1 -->
    </test> <!-- Default test -->
  </suite> <!-- Default suite -->
</testng-results>
